-------------------------------------------------------------------------------
Test set: starter.CucumberTestSuite
-------------------------------------------------------------------------------
Tests run: 1, Failures: 0, Errors: 1, Skipped: 0, Time elapsed: 9.75 s <<< FAILURE! - in starter.CucumberTestSuite
New Service Stack SalesForce Automation POC.Performing a search operation  Time elapsed: 8.707 s  <<< ERROR!
java.io.FileNotFoundException: ..\TestData\Test_Data.xlsx (The system cannot find the path specified)

